<?xml version="1.0" encoding="UTF-8"?>
<robot generator="Robot 3.1.2 (Python 3.7.6 on win32)" generated="20200920 21:52:15.138" rpa="false">
<suite id="s1" name="SmokeTestInaco" source="D:\Github Robot Framework\RF_SpecialCampaign\Test\SmokeTestInaco.robot">
<test id="s1-t1" name="Smoke Test Inaco">
<kw name="Begin Web Test" library="common" type="setup">
<kw name="Open Browser" library="SeleniumLibrary">
<doc>Opens a new browser instance to the optional ``url``.</doc>
<arguments>
<arg>headlesschrome</arg>
</arguments>
<msg timestamp="20200920 21:52:15.356" level="INFO">Opening browser 'headlesschrome' to base url ''.</msg>
<status status="PASS" starttime="20200920 21:52:15.356" endtime="20200920 21:52:18.450"></status>
</kw>
<kw name="Maximize Browser Window" library="SeleniumLibrary">
<doc>Maximizes current browser window.</doc>
<status status="PASS" starttime="20200920 21:52:18.450" endtime="20200920 21:52:20.576"></status>
</kw>
<kw name="Set Selenium Speed" library="SeleniumLibrary">
<doc>Sets the delay that is waited after each Selenium command.</doc>
<arguments>
<arg>1sec</arg>
</arguments>
<status status="PASS" starttime="20200920 21:52:20.577" endtime="20200920 21:52:20.578"></status>
</kw>
<status status="PASS" starttime="20200920 21:52:15.355" endtime="20200920 21:52:20.578"></status>
</kw>
<kw name="Login Imcoco" library="ImcocoPage">
<kw name="Go To" library="SeleniumLibrary">
<doc>Navigates the current browser window to the provided ``url``.</doc>
<arguments>
<arg>${url_inaco}</arg>
</arguments>
<msg timestamp="20200920 21:52:20.588" level="INFO">Opening url 'https://special.stage.pomona.id/imcoco'</msg>
<status status="PASS" starttime="20200920 21:52:20.586" endtime="20200920 21:52:22.576"></status>
</kw>
<kw name="Wait Until Element Is Visible" library="SeleniumLibrary">
<doc>Waits until the element ``locator`` is visible.</doc>
<arguments>
<arg>${inaco_title}</arg>
</arguments>
<status status="PASS" starttime="20200920 21:52:22.576" endtime="20200920 21:52:25.878"></status>
</kw>
<kw name="Capture Page Screenshot" library="SeleniumLibrary">
<doc>Takes a screenshot of the current page and embeds it into a log file.</doc>
<arguments>
<arg>HomePage.png</arg>
</arguments>
<msg timestamp="20200920 21:52:27.215" level="INFO" html="yes">&lt;/td&gt;&lt;/tr&gt;&lt;tr&gt;&lt;td colspan="3"&gt;&lt;a href="HomePage.png"&gt;&lt;img src="HomePage.png" width="800px"&gt;&lt;/a&gt;</msg>
<status status="PASS" starttime="20200920 21:52:25.879" endtime="20200920 21:52:27.216"></status>
</kw>
<kw name="Wait Scroll Click" library="CustomKeyword">
<arguments>
<arg>${icon_masuk}</arg>
</arguments>
<kw name="Scroll Element Into View" library="SeleniumLibrary">
<doc>Scrolls the element identified by ``locator`` into view.</doc>
<arguments>
<arg>${locator}</arg>
</arguments>
<status status="PASS" starttime="20200920 21:52:27.218" endtime="20200920 21:52:29.529"></status>
</kw>
<kw name="Wait Until Element Is Visible" library="SeleniumLibrary">
<doc>Waits until the element ``locator`` is visible.</doc>
<arguments>
<arg>${locator}</arg>
<arg>5</arg>
</arguments>
<status status="PASS" starttime="20200920 21:52:29.530" endtime="20200920 21:52:31.607"></status>
</kw>
<kw name="Click Element" library="SeleniumLibrary">
<doc>Click the element identified by ``locator``.</doc>
<arguments>
<arg>${locator}</arg>
</arguments>
<msg timestamp="20200920 21:52:31.608" level="INFO">Clicking element '//img[@src='/static/media/image/svg/group-2.svg']'.</msg>
<status status="PASS" starttime="20200920 21:52:31.607" endtime="20200920 21:52:33.713"></status>
</kw>
<status status="PASS" starttime="20200920 21:52:27.216" endtime="20200920 21:52:33.713"></status>
</kw>
<kw name="Capture Page Screenshot" library="SeleniumLibrary">
<doc>Takes a screenshot of the current page and embeds it into a log file.</doc>
<arguments>
<arg>LoginPage.png</arg>
</arguments>
<msg timestamp="20200920 21:52:34.989" level="INFO" html="yes">&lt;/td&gt;&lt;/tr&gt;&lt;tr&gt;&lt;td colspan="3"&gt;&lt;a href="LoginPage.png"&gt;&lt;img src="LoginPage.png" width="800px"&gt;&lt;/a&gt;</msg>
<status status="PASS" starttime="20200920 21:52:33.713" endtime="20200920 21:52:34.990"></status>
</kw>
<kw name="Wait Scroll Click" library="CustomKeyword">
<arguments>
<arg>${btn_masuk}</arg>
</arguments>
<kw name="Scroll Element Into View" library="SeleniumLibrary">
<doc>Scrolls the element identified by ``locator`` into view.</doc>
<arguments>
<arg>${locator}</arg>
</arguments>
<status status="PASS" starttime="20200920 21:52:34.992" endtime="20200920 21:52:37.310"></status>
</kw>
<kw name="Wait Until Element Is Visible" library="SeleniumLibrary">
<doc>Waits until the element ``locator`` is visible.</doc>
<arguments>
<arg>${locator}</arg>
<arg>5</arg>
</arguments>
<status status="PASS" starttime="20200920 21:52:37.311" endtime="20200920 21:52:39.371"></status>
</kw>
<kw name="Click Element" library="SeleniumLibrary">
<doc>Click the element identified by ``locator``.</doc>
<arguments>
<arg>${locator}</arg>
</arguments>
<msg timestamp="20200920 21:52:39.371" level="INFO">Clicking element '//div[contains(text(),'Masuk')]'.</msg>
<status status="PASS" starttime="20200920 21:52:39.371" endtime="20200920 21:52:41.519"></status>
</kw>
<status status="PASS" starttime="20200920 21:52:34.991" endtime="20200920 21:52:41.519"></status>
</kw>
<kw name="Capture Page Screenshot" library="SeleniumLibrary">
<doc>Takes a screenshot of the current page and embeds it into a log file.</doc>
<arguments>
<arg>InputPhone.png</arg>
</arguments>
<msg timestamp="20200920 21:52:42.752" level="INFO" html="yes">&lt;/td&gt;&lt;/tr&gt;&lt;tr&gt;&lt;td colspan="3"&gt;&lt;a href="InputPhone.png"&gt;&lt;img src="InputPhone.png" width="800px"&gt;&lt;/a&gt;</msg>
<status status="PASS" starttime="20200920 21:52:41.520" endtime="20200920 21:52:42.753"></status>
</kw>
<kw name="Wait Scroll Input" library="CustomKeyword">
<arguments>
<arg>@{input_no_telp}</arg>
</arguments>
<kw name="Wait Until Element Is Visible" library="SeleniumLibrary">
<doc>Waits until the element ``locator`` is visible.</doc>
<arguments>
<arg>${locator}</arg>
</arguments>
<status status="PASS" starttime="20200920 21:52:42.755" endtime="20200920 21:52:44.825"></status>
</kw>
<kw name="Input Text" library="SeleniumLibrary">
<doc>Types the given ``text`` into the text field identified by ``locator``.</doc>
<arguments>
<arg>${locator}</arg>
<arg>${input}</arg>
<arg>True</arg>
</arguments>
<msg timestamp="20200920 21:52:44.827" level="INFO">Typing text '08995097652' into text field '//input[@placeholder='08121234567']'.</msg>
<status status="PASS" starttime="20200920 21:52:44.826" endtime="20200920 21:52:47.996"></status>
</kw>
<status status="PASS" starttime="20200920 21:52:42.754" endtime="20200920 21:52:47.996"></status>
</kw>
<kw name="Wait Scroll Click" library="CustomKeyword">
<arguments>
<arg>${btn_enter_no_telp}</arg>
</arguments>
<kw name="Scroll Element Into View" library="SeleniumLibrary">
<doc>Scrolls the element identified by ``locator`` into view.</doc>
<arguments>
<arg>${locator}</arg>
</arguments>
<status status="PASS" starttime="20200920 21:52:47.998" endtime="20200920 21:52:50.314"></status>
</kw>
<kw name="Wait Until Element Is Visible" library="SeleniumLibrary">
<doc>Waits until the element ``locator`` is visible.</doc>
<arguments>
<arg>${locator}</arg>
<arg>5</arg>
</arguments>
<status status="PASS" starttime="20200920 21:52:50.315" endtime="20200920 21:52:52.374"></status>
</kw>
<kw name="Click Element" library="SeleniumLibrary">
<doc>Click the element identified by ``locator``.</doc>
<arguments>
<arg>${locator}</arg>
</arguments>
<msg timestamp="20200920 21:52:52.374" level="INFO">Clicking element '//div[contains(text(),'Masuk dengan Nomor HP')]'.</msg>
<status status="PASS" starttime="20200920 21:52:52.374" endtime="20200920 21:52:54.486"></status>
</kw>
<status status="PASS" starttime="20200920 21:52:47.997" endtime="20200920 21:52:54.487"></status>
</kw>
<kw name="Capture Page Screenshot" library="SeleniumLibrary">
<doc>Takes a screenshot of the current page and embeds it into a log file.</doc>
<arguments>
<arg>InputOTP.png</arg>
</arguments>
<msg timestamp="20200920 21:52:55.738" level="INFO" html="yes">&lt;/td&gt;&lt;/tr&gt;&lt;tr&gt;&lt;td colspan="3"&gt;&lt;a href="InputOTP.png"&gt;&lt;img src="InputOTP.png" width="800px"&gt;&lt;/a&gt;</msg>
<status status="PASS" starttime="20200920 21:52:54.487" endtime="20200920 21:52:55.739"></status>
</kw>
<kw name="Wait Scroll Input" library="CustomKeyword">
<arguments>
<arg>${input_field}</arg>
<arg>123456</arg>
</arguments>
<kw name="Wait Until Element Is Visible" library="SeleniumLibrary">
<doc>Waits until the element ``locator`` is visible.</doc>
<arguments>
<arg>${locator}</arg>
</arguments>
<status status="PASS" starttime="20200920 21:52:55.739" endtime="20200920 21:52:57.792"></status>
</kw>
<kw name="Input Text" library="SeleniumLibrary">
<doc>Types the given ``text`` into the text field identified by ``locator``.</doc>
<arguments>
<arg>${locator}</arg>
<arg>${input}</arg>
<arg>True</arg>
</arguments>
<msg timestamp="20200920 21:52:57.794" level="INFO">Typing text '123456' into text field '//input'.</msg>
<status status="PASS" starttime="20200920 21:52:57.793" endtime="20200920 21:53:01.085"></status>
</kw>
<status status="PASS" starttime="20200920 21:52:55.739" endtime="20200920 21:53:01.086"></status>
</kw>
<kw name="Wait Scroll Click" library="CustomKeyword">
<arguments>
<arg>${btn_verifikasi_no}</arg>
</arguments>
<kw name="Scroll Element Into View" library="SeleniumLibrary">
<doc>Scrolls the element identified by ``locator`` into view.</doc>
<arguments>
<arg>${locator}</arg>
</arguments>
<status status="PASS" starttime="20200920 21:53:01.087" endtime="20200920 21:53:03.409"></status>
</kw>
<kw name="Wait Until Element Is Visible" library="SeleniumLibrary">
<doc>Waits until the element ``locator`` is visible.</doc>
<arguments>
<arg>${locator}</arg>
<arg>5</arg>
</arguments>
<status status="PASS" starttime="20200920 21:53:03.410" endtime="20200920 21:53:05.469"></status>
</kw>
<kw name="Click Element" library="SeleniumLibrary">
<doc>Click the element identified by ``locator``.</doc>
<arguments>
<arg>${locator}</arg>
</arguments>
<msg timestamp="20200920 21:53:05.471" level="INFO">Clicking element '//div[contains(text(),"Verifikasi Nomor HP")]'.</msg>
<status status="PASS" starttime="20200920 21:53:05.470" endtime="20200920 21:53:07.615"></status>
</kw>
<status status="PASS" starttime="20200920 21:53:01.086" endtime="20200920 21:53:07.615"></status>
</kw>
<kw name="Capture Page Screenshot" library="SeleniumLibrary">
<doc>Takes a screenshot of the current page and embeds it into a log file.</doc>
<arguments>
<arg>BerhasilLogin.png</arg>
</arguments>
<msg timestamp="20200920 21:53:08.913" level="INFO" html="yes">&lt;/td&gt;&lt;/tr&gt;&lt;tr&gt;&lt;td colspan="3"&gt;&lt;a href="BerhasilLogin.png"&gt;&lt;img src="BerhasilLogin.png" width="800px"&gt;&lt;/a&gt;</msg>
<status status="PASS" starttime="20200920 21:53:07.615" endtime="20200920 21:53:08.914"></status>
</kw>
<status status="PASS" starttime="20200920 21:52:20.582" endtime="20200920 21:53:08.915"></status>
</kw>
<kw name="Check value reward before" library="ImcocoPage">
<kw name="Check value then validate" library="CustomKeyword">
<arguments>
<arg>${get_reward_inproses}</arg>
<arg>reward_before</arg>
</arguments>
<kw name="Scroll Element Into View" library="SeleniumLibrary">
<doc>Scrolls the element identified by ``locator`` into view.</doc>
<arguments>
<arg>${locator}</arg>
</arguments>
<status status="PASS" starttime="20200920 21:53:08.921" endtime="20200920 21:53:11.252"></status>
</kw>
<kw name="Get Text" library="SeleniumLibrary">
<doc>Returns the text value of the element identified by ``locator``.</doc>
<arguments>
<arg>${locator}</arg>
</arguments>
<assign>
<var>${input}</var>
</assign>
<msg timestamp="20200920 21:53:13.317" level="INFO">${input} = 96</msg>
<status status="PASS" starttime="20200920 21:53:11.253" endtime="20200920 21:53:13.317"></status>
</kw>
<kw name="Convert To Integer" library="BuiltIn">
<doc>Converts the given item to an integer number.</doc>
<arguments>
<arg>${input}</arg>
</arguments>
<assign>
<var>${input}</var>
</assign>
<msg timestamp="20200920 21:53:13.319" level="INFO">${input} = 96</msg>
<status status="PASS" starttime="20200920 21:53:13.318" endtime="20200920 21:53:13.319"></status>
</kw>
<kw name="Set Test Variable" library="BuiltIn">
<doc>Makes a variable available everywhere within the scope of the current test.</doc>
<arguments>
<arg>${input}</arg>
<arg>${input}</arg>
</arguments>
<msg timestamp="20200920 21:53:13.321" level="INFO">${input} = 96</msg>
<status status="PASS" starttime="20200920 21:53:13.320" endtime="20200920 21:53:13.321"></status>
</kw>
<status status="PASS" starttime="20200920 21:53:08.918" endtime="20200920 21:53:13.322"></status>
</kw>
<kw name="Set Test Variable" library="BuiltIn">
<doc>Makes a variable available everywhere within the scope of the current test.</doc>
<arguments>
<arg>${reward_before}</arg>
<arg>${input}</arg>
</arguments>
<msg timestamp="20200920 21:53:13.326" level="INFO">${reward_before} = 96</msg>
<status status="PASS" starttime="20200920 21:53:13.322" endtime="20200920 21:53:13.326"></status>
</kw>
<status status="PASS" starttime="20200920 21:53:08.917" endtime="20200920 21:53:13.326"></status>
</kw>
<kw name="Upload struk" library="ImcocoPage">
<kw name="Wait Until Element Is Visible" library="SeleniumLibrary">
<doc>Waits until the element ``locator`` is visible.</doc>
<arguments>
<arg>${get_struk_inproses}</arg>
</arguments>
<status status="PASS" starttime="20200920 21:53:13.330" endtime="20200920 21:53:15.400"></status>
</kw>
<kw name="Get Text" library="SeleniumLibrary">
<doc>Returns the text value of the element identified by ``locator``.</doc>
<arguments>
<arg>${get_struk_inproses}</arg>
</arguments>
<assign>
<var>${struk_inporses_before}</var>
</assign>
<msg timestamp="20200920 21:53:17.463" level="INFO">${struk_inporses_before} = 25</msg>
<status status="PASS" starttime="20200920 21:53:15.401" endtime="20200920 21:53:17.463"></status>
</kw>
<kw name="Choose File" library="SeleniumLibrary">
<doc>Inputs the ``file_path`` into the file input field ``locator``.</doc>
<arguments>
<arg>@{upload_struk_input}</arg>
</arguments>
<msg timestamp="20200920 21:53:17.465" level="INFO">Sending D:\Github Robot Framework\RF_SpecialCampaign\struk.jpg to browser.</msg>
<status status="PASS" starttime="20200920 21:53:17.464" endtime="20200920 21:53:19.600"></status>
</kw>
<kw name="Convert To Number" library="BuiltIn">
<doc>Converts the given item to a floating point number.</doc>
<arguments>
<arg>${struk_inporses_before}</arg>
</arguments>
<assign>
<var>${struk_before}</var>
</assign>
<msg timestamp="20200920 21:53:19.601" level="INFO">${struk_before} = 25.0</msg>
<status status="PASS" starttime="20200920 21:53:19.600" endtime="20200920 21:53:19.601"></status>
</kw>
<kw name="Set Test Variable" library="BuiltIn">
<doc>Makes a variable available everywhere within the scope of the current test.</doc>
<arguments>
<arg>${struk_before}</arg>
<arg>${struk_before}</arg>
</arguments>
<msg timestamp="20200920 21:53:19.602" level="INFO">${struk_before} = 25.0</msg>
<status status="PASS" starttime="20200920 21:53:19.602" endtime="20200920 21:53:19.603"></status>
</kw>
<kw name="Log" library="BuiltIn">
<doc>Logs the given message with the given level.</doc>
<arguments>
<arg>${struk_before}</arg>
</arguments>
<msg timestamp="20200920 21:53:19.603" level="INFO">25.0</msg>
<status status="PASS" starttime="20200920 21:53:19.603" endtime="20200920 21:53:19.603"></status>
</kw>
<status status="PASS" starttime="20200920 21:53:13.328" endtime="20200920 21:53:19.603"></status>
</kw>
<kw name="Submit struk" library="ImcocoPage">
<kw name="Wait Scroll Click" library="CustomKeyword">
<arguments>
<arg>${submit_struk}</arg>
</arguments>
<kw name="Scroll Element Into View" library="SeleniumLibrary">
<doc>Scrolls the element identified by ``locator`` into view.</doc>
<arguments>
<arg>${locator}</arg>
</arguments>
<status status="PASS" starttime="20200920 21:53:19.606" endtime="20200920 21:53:21.912"></status>
</kw>
<kw name="Wait Until Element Is Visible" library="SeleniumLibrary">
<doc>Waits until the element ``locator`` is visible.</doc>
<arguments>
<arg>${locator}</arg>
<arg>5</arg>
</arguments>
<status status="PASS" starttime="20200920 21:53:21.913" endtime="20200920 21:53:23.974"></status>
</kw>
<kw name="Click Element" library="SeleniumLibrary">
<doc>Click the element identified by ``locator``.</doc>
<arguments>
<arg>${locator}</arg>
</arguments>
<msg timestamp="20200920 21:53:23.975" level="INFO">Clicking element 'css=#submit-receipt-text'.</msg>
<status status="PASS" starttime="20200920 21:53:23.974" endtime="20200920 21:53:26.054"></status>
</kw>
<status status="PASS" starttime="20200920 21:53:19.605" endtime="20200920 21:53:26.054"></status>
</kw>
<kw name="Capture Page Screenshot" library="SeleniumLibrary">
<doc>Takes a screenshot of the current page and embeds it into a log file.</doc>
<arguments>
<arg>BerhasilUploadStruk.png</arg>
</arguments>
<msg timestamp="20200920 21:53:27.314" level="INFO" html="yes">&lt;/td&gt;&lt;/tr&gt;&lt;tr&gt;&lt;td colspan="3"&gt;&lt;a href="BerhasilUploadStruk.png"&gt;&lt;img src="BerhasilUploadStruk.png" width="800px"&gt;&lt;/a&gt;</msg>
<status status="PASS" starttime="20200920 21:53:26.054" endtime="20200920 21:53:27.314"></status>
</kw>
<kw name="Page Should Contain" library="SeleniumLibrary">
<doc>Verifies that current page contains ``text``.</doc>
<arguments>
<arg>${text_struk_berhasil}</arg>
</arguments>
<msg timestamp="20200920 21:53:29.366" level="INFO">Current page contains text 'Selamat! Struk berhasil diupload'.</msg>
<status status="PASS" starttime="20200920 21:53:27.315" endtime="20200920 21:53:29.367"></status>
</kw>
<kw name="Wait Scroll Click" library="CustomKeyword">
<arguments>
<arg>${btn_back_from_upload_struk_succes}</arg>
</arguments>
<kw name="Scroll Element Into View" library="SeleniumLibrary">
<doc>Scrolls the element identified by ``locator`` into view.</doc>
<arguments>
<arg>${locator}</arg>
</arguments>
<status status="PASS" starttime="20200920 21:53:29.369" endtime="20200920 21:53:31.683"></status>
</kw>
<kw name="Wait Until Element Is Visible" library="SeleniumLibrary">
<doc>Waits until the element ``locator`` is visible.</doc>
<arguments>
<arg>${locator}</arg>
<arg>5</arg>
</arguments>
<status status="PASS" starttime="20200920 21:53:31.683" endtime="20200920 21:53:33.748"></status>
</kw>
<kw name="Click Element" library="SeleniumLibrary">
<doc>Click the element identified by ``locator``.</doc>
<arguments>
<arg>${locator}</arg>
</arguments>
<msg timestamp="20200920 21:53:33.750" level="INFO">Clicking element '//div[contains(text(),"Kembali ke Halaman Utama")]'.</msg>
<status status="PASS" starttime="20200920 21:53:33.749" endtime="20200920 21:53:35.828"></status>
</kw>
<status status="PASS" starttime="20200920 21:53:29.367" endtime="20200920 21:53:35.828"></status>
</kw>
<status status="PASS" starttime="20200920 21:53:19.604" endtime="20200920 21:53:35.828"></status>
</kw>
<kw name="Check receipt upload sucsess" library="ImcocoPage">
<kw name="Scroll Element Into View" library="SeleniumLibrary">
<doc>Scrolls the element identified by ``locator`` into view.</doc>
<arguments>
<arg>${get_struk_inproses}</arg>
</arguments>
<status status="PASS" starttime="20200920 21:53:35.829" endtime="20200920 21:53:38.115"></status>
</kw>
<kw name="Get Text" library="SeleniumLibrary">
<doc>Returns the text value of the element identified by ``locator``.</doc>
<arguments>
<arg>${get_struk_inproses}</arg>
</arguments>
<assign>
<var>${struk_inporses_after}</var>
</assign>
<msg timestamp="20200920 21:53:40.151" level="INFO">${struk_inporses_after} = 26</msg>
<status status="PASS" starttime="20200920 21:53:38.116" endtime="20200920 21:53:40.151"></status>
</kw>
<kw name="Convert To Number" library="BuiltIn">
<doc>Converts the given item to a floating point number.</doc>
<arguments>
<arg>${struk_inporses_after}</arg>
</arguments>
<assign>
<var>${struk_after}</var>
</assign>
<msg timestamp="20200920 21:53:40.151" level="INFO">${struk_after} = 26.0</msg>
<status status="PASS" starttime="20200920 21:53:40.151" endtime="20200920 21:53:40.151"></status>
</kw>
<kw name="Log" library="BuiltIn">
<doc>Logs the given message with the given level.</doc>
<arguments>
<arg>${struk_after}</arg>
</arguments>
<msg timestamp="20200920 21:53:40.152" level="INFO">26.0</msg>
<status status="PASS" starttime="20200920 21:53:40.151" endtime="20200920 21:53:40.152"></status>
</kw>
<kw name="Log" library="BuiltIn">
<doc>Logs the given message with the given level.</doc>
<arguments>
<arg>${struk_before}</arg>
</arguments>
<msg timestamp="20200920 21:53:40.152" level="INFO">25.0</msg>
<status status="PASS" starttime="20200920 21:53:40.152" endtime="20200920 21:53:40.152"></status>
</kw>
<kw name="Evaluate" library="BuiltIn">
<doc>Evaluates the given expression in Python and returns the results.</doc>
<arguments>
<arg>${struk_before}&lt;${struk_after}</arg>
</arguments>
<assign>
<var>${RESULT}</var>
</assign>
<msg timestamp="20200920 21:53:40.152" level="INFO">${RESULT} = True</msg>
<status status="PASS" starttime="20200920 21:53:40.152" endtime="20200920 21:53:40.152"></status>
</kw>
<kw name="Should Be True" library="BuiltIn">
<doc>Fails if the given condition is not true.</doc>
<arguments>
<arg>${RESULT}</arg>
</arguments>
<status status="PASS" starttime="20200920 21:53:40.153" endtime="20200920 21:53:40.153"></status>
</kw>
<status status="PASS" starttime="20200920 21:53:35.829" endtime="20200920 21:53:40.153"></status>
</kw>
<kw name="Update user profile" library="ImcocoPage">
<kw name="Wait Scroll Click" library="CustomKeyword">
<arguments>
<arg>${btn_profile}</arg>
</arguments>
<kw name="Scroll Element Into View" library="SeleniumLibrary">
<doc>Scrolls the element identified by ``locator`` into view.</doc>
<arguments>
<arg>${locator}</arg>
</arguments>
<status status="PASS" starttime="20200920 21:53:40.154" endtime="20200920 21:53:42.428"></status>
</kw>
<kw name="Wait Until Element Is Visible" library="SeleniumLibrary">
<doc>Waits until the element ``locator`` is visible.</doc>
<arguments>
<arg>${locator}</arg>
<arg>5</arg>
</arguments>
<status status="PASS" starttime="20200920 21:53:42.429" endtime="20200920 21:53:44.466"></status>
</kw>
<kw name="Click Element" library="SeleniumLibrary">
<doc>Click the element identified by ``locator``.</doc>
<arguments>
<arg>${locator}</arg>
</arguments>
<msg timestamp="20200920 21:53:44.468" level="INFO">Clicking element '//img[@class='basic__ImageWrapper-sc-1aa10sa-5 eVviGw']'.</msg>
<status status="PASS" starttime="20200920 21:53:44.467" endtime="20200920 21:53:46.640"></status>
</kw>
<status status="PASS" starttime="20200920 21:53:40.154" endtime="20200920 21:53:46.641"></status>
</kw>
<kw name="Wait Scroll Click" library="CustomKeyword">
<arguments>
<arg>${btn_edit_profile}</arg>
</arguments>
<kw name="Scroll Element Into View" library="SeleniumLibrary">
<doc>Scrolls the element identified by ``locator`` into view.</doc>
<arguments>
<arg>${locator}</arg>
</arguments>
<status status="PASS" starttime="20200920 21:53:46.643" endtime="20200920 21:53:48.965"></status>
</kw>
<kw name="Wait Until Element Is Visible" library="SeleniumLibrary">
<doc>Waits until the element ``locator`` is visible.</doc>
<arguments>
<arg>${locator}</arg>
<arg>5</arg>
</arguments>
<status status="PASS" starttime="20200920 21:53:48.966" endtime="20200920 21:53:51.027"></status>
</kw>
<kw name="Click Element" library="SeleniumLibrary">
<doc>Click the element identified by ``locator``.</doc>
<arguments>
<arg>${locator}</arg>
</arguments>
<msg timestamp="20200920 21:53:51.028" level="INFO">Clicking element '//div[text()="EDIT"]'.</msg>
<status status="PASS" starttime="20200920 21:53:51.028" endtime="20200920 21:53:53.198"></status>
</kw>
<status status="PASS" starttime="20200920 21:53:46.641" endtime="20200920 21:53:53.198"></status>
</kw>
<kw name="Capture Page Screenshot" library="SeleniumLibrary">
<doc>Takes a screenshot of the current page and embeds it into a log file.</doc>
<arguments>
<arg>EditProfile.png</arg>
</arguments>
<msg timestamp="20200920 21:53:54.426" level="INFO" html="yes">&lt;/td&gt;&lt;/tr&gt;&lt;tr&gt;&lt;td colspan="3"&gt;&lt;a href="EditProfile.png"&gt;&lt;img src="EditProfile.png" width="800px"&gt;&lt;/a&gt;</msg>
<status status="PASS" starttime="20200920 21:53:53.198" endtime="20200920 21:53:54.426"></status>
</kw>
<kw name="Go Back" library="SeleniumLibrary">
<doc>Simulates the user clicking the back button on their browser.</doc>
<status status="PASS" starttime="20200920 21:53:54.426" endtime="20200920 21:53:55.479"></status>
</kw>
<status status="PASS" starttime="20200920 21:53:40.153" endtime="20200920 21:53:55.479"></status>
</kw>
<kw name="Check notification" library="ImcocoPage">
<kw name="Wait Scroll Click" library="CustomKeyword">
<arguments>
<arg>${btn_notifikasi}</arg>
</arguments>
<kw name="Scroll Element Into View" library="SeleniumLibrary">
<doc>Scrolls the element identified by ``locator`` into view.</doc>
<arguments>
<arg>${locator}</arg>
</arguments>
<status status="PASS" starttime="20200920 21:53:55.480" endtime="20200920 21:53:57.774"></status>
</kw>
<kw name="Wait Until Element Is Visible" library="SeleniumLibrary">
<doc>Waits until the element ``locator`` is visible.</doc>
<arguments>
<arg>${locator}</arg>
<arg>5</arg>
</arguments>
<status status="PASS" starttime="20200920 21:53:57.775" endtime="20200920 21:53:59.830"></status>
</kw>
<kw name="Click Element" library="SeleniumLibrary">
<doc>Click the element identified by ``locator``.</doc>
<arguments>
<arg>${locator}</arg>
</arguments>
<msg timestamp="20200920 21:53:59.831" level="INFO">Clicking element '//div[@name='dmenu']/div[@class='basic__Wrapper-sc-1aa10sa-0 szvQi']'.</msg>
<status status="PASS" starttime="20200920 21:53:59.831" endtime="20200920 21:54:01.997"></status>
</kw>
<status status="PASS" starttime="20200920 21:53:55.480" endtime="20200920 21:54:01.997"></status>
</kw>
<kw name="Capture Page Screenshot" library="SeleniumLibrary">
<doc>Takes a screenshot of the current page and embeds it into a log file.</doc>
<arguments>
<arg>NotifikasiList.png</arg>
</arguments>
<msg timestamp="20200920 21:54:03.281" level="INFO" html="yes">&lt;/td&gt;&lt;/tr&gt;&lt;tr&gt;&lt;td colspan="3"&gt;&lt;a href="NotifikasiList.png"&gt;&lt;img src="NotifikasiList.png" width="800px"&gt;&lt;/a&gt;</msg>
<status status="PASS" starttime="20200920 21:54:01.998" endtime="20200920 21:54:03.281"></status>
</kw>
<kw name="Wait Scroll Click" library="CustomKeyword">
<arguments>
<arg>${btn_see_detail_1}</arg>
</arguments>
<kw name="Scroll Element Into View" library="SeleniumLibrary">
<doc>Scrolls the element identified by ``locator`` into view.</doc>
<arguments>
<arg>${locator}</arg>
</arguments>
<kw name="Capture Page Screenshot" library="SeleniumLibrary">
<doc>Takes a screenshot of the current page and embeds it into a log file.</doc>
<msg timestamp="20200920 21:54:05.570" level="INFO" html="yes">&lt;/td&gt;&lt;/tr&gt;&lt;tr&gt;&lt;td colspan="3"&gt;&lt;a href="selenium-screenshot-2.png"&gt;&lt;img src="selenium-screenshot-2.png" width="800px"&gt;&lt;/a&gt;</msg>
<status status="PASS" starttime="20200920 21:54:04.320" endtime="20200920 21:54:05.571"></status>
</kw>
<msg timestamp="20200920 21:54:05.580" level="FAIL">Element with locator '//div[@name='home content']/div[1]//p[@class='fonts__FontWrapper-cy6f2q-0 dThTVE']' not found.</msg>
<status status="FAIL" starttime="20200920 21:54:03.284" endtime="20200920 21:54:05.581"></status>
</kw>
<status status="FAIL" starttime="20200920 21:54:03.282" endtime="20200920 21:54:05.582"></status>
</kw>
<status status="FAIL" starttime="20200920 21:53:55.480" endtime="20200920 21:54:05.582"></status>
</kw>
<kw name="End Web Test" library="common" type="teardown">
<kw name="Sleep" library="BuiltIn">
<doc>Pauses the test executed for the given time.</doc>
<arguments>
<arg>5sec</arg>
</arguments>
<msg timestamp="20200920 21:54:10.588" level="INFO">Slept 5 seconds</msg>
<status status="PASS" starttime="20200920 21:54:05.586" endtime="20200920 21:54:10.588"></status>
</kw>
<kw name="Close All Browsers" library="SeleniumLibrary">
<doc>Closes all open browsers and resets the browser cache.</doc>
<status status="PASS" starttime="20200920 21:54:10.589" endtime="20200920 21:54:13.626"></status>
</kw>
<status status="PASS" starttime="20200920 21:54:05.585" endtime="20200920 21:54:13.626"></status>
</kw>
<status status="FAIL" starttime="20200920 21:52:15.354" endtime="20200920 21:54:13.627" critical="yes">Element with locator '//div[@name='home content']/div[1]//p[@class='fonts__FontWrapper-cy6f2q-0 dThTVE']' not found.</status>
</test>
<status status="FAIL" starttime="20200920 21:52:15.140" endtime="20200920 21:54:13.629"></status>
</suite>
<statistics>
<total>
<stat pass="0" fail="1">Critical Tests</stat>
<stat pass="0" fail="1">All Tests</stat>
</total>
<tag>
</tag>
<suite>
<stat pass="0" fail="1" id="s1" name="SmokeTestInaco">SmokeTestInaco</stat>
</suite>
</statistics>
<errors>
</errors>
</robot>
